<?xml version="1.0" encoding="UTF-8"?>
<testsuite xmlns:xsi="http://www.w3.org/2001/XMLSchema-instance" xsi:noNamespaceSchemaLocation="https://maven.apache.org/surefire/maven-surefire-plugin/xsd/surefire-test-report.xsd" version="3.0.2" name="unb.tppe.api.SaleTest" time="0.169" tests="4" errors="0" skipped="0" failures="0">
  <properties>
    <property name="java.specification.version" value="21"/>
    <property name="sun.jnu.encoding" value="UTF-8"/>
    <property name="test.url" value="http://localhost:8081"/>
    <property name="io.quarkus.security.http.test-if-basic-auth-implicitly-required" value="true"/>
    <property name="java.class.path" value="/home/samuel/UNB/TPPE/refactor/backend/target/test-classes:/home/samuel/UNB/TPPE/refactor/backend/target/classes:/home/samuel/.m2/repository/io/quarkus/quarkus-arc/3.21.3/quarkus-arc-3.21.3.jar:/home/samuel/.m2/repository/io/quarkus/arc/arc/3.21.3/arc-3.21.3.jar:/home/samuel/.m2/repository/jakarta/enterprise/jakarta.enterprise.cdi-api/4.1.0/jakarta.enterprise.cdi-api-4.1.0.jar:/home/samuel/.m2/repository/jakarta/enterprise/jakarta.enterprise.lang-model/4.1.0/jakarta.enterprise.lang-model-4.1.0.jar:/home/samuel/.m2/repository/jakarta/el/jakarta.el-api/5.0.1/jakarta.el-api-5.0.1.jar:/home/samuel/.m2/repository/jakarta/transaction/jakarta.transaction-api/2.0.1/jakarta.transaction-api-2.0.1.jar:/home/samuel/.m2/repository/io/smallrye/reactive/mutiny/2.8.0/mutiny-2.8.0.jar:/home/samuel/.m2/repository/io/smallrye/common/smallrye-common-annotation/2.12.0/smallrye-common-annotation-2.12.0.jar:/home/samuel/.m2/repository/org/jctools/jctools-core/4.0.5/jctools-core-4.0.5.jar:/home/samuel/.m2/repository/org/jboss/logging/jboss-logging/3.6.1.Final/jboss-logging-3.6.1.Final.jar:/home/samuel/.m2/repository/io/quarkus/quarkus-core/3.21.3/quarkus-core-3.21.3.jar:/home/samuel/.m2/repository/jakarta/inject/jakarta.inject-api/2.0.1/jakarta.inject-api-2.0.1.jar:/home/samuel/.m2/repository/io/smallrye/common/smallrye-common-os/2.12.0/smallrye-common-os-2.12.0.jar:/home/samuel/.m2/repository/io/quarkus/quarkus-ide-launcher/3.21.3/quarkus-ide-launcher-3.21.3.jar:/home/samuel/.m2/repository/io/quarkus/quarkus-development-mode-spi/3.21.3/quarkus-development-mode-spi-3.21.3.jar:/home/samuel/.m2/repository/io/smallrye/config/smallrye-config/3.12.4/smallrye-config-3.12.4.jar:/home/samuel/.m2/repository/io/smallrye/config/smallrye-config-core/3.12.4/smallrye-config-core-3.12.4.jar:/home/samuel/.m2/repository/io/smallrye/config/smallrye-config-common/3.12.4/smallrye-config-common-3.12.4.jar:/home/samuel/.m2/repository/org/jboss/logmanager/jboss-logmanager/3.1.2.Final/jboss-logmanager-3.1.2.Final.jar:/home/samuel/.m2/repository/io/smallrye/common/smallrye-common-constraint/2.12.0/smallrye-common-constraint-2.12.0.jar:/home/samuel/.m2/repository/io/smallrye/common/smallrye-common-cpu/2.12.0/smallrye-common-cpu-2.12.0.jar:/home/samuel/.m2/repository/io/smallrye/common/smallrye-common-expression/2.12.0/smallrye-common-expression-2.12.0.jar:/home/samuel/.m2/repository/io/smallrye/common/smallrye-common-net/2.12.0/smallrye-common-net-2.12.0.jar:/home/samuel/.m2/repository/io/smallrye/common/smallrye-common-ref/2.12.0/smallrye-common-ref-2.12.0.jar:/home/samuel/.m2/repository/jakarta/json/jakarta.json-api/2.1.3/jakarta.json-api-2.1.3.jar:/home/samuel/.m2/repository/org/jboss/logging/jboss-logging-annotations/3.0.4.Final/jboss-logging-annotations-3.0.4.Final.jar:/home/samuel/.m2/repository/org/jboss/threads/jboss-threads/3.8.0.Final/jboss-threads-3.8.0.Final.jar:/home/samuel/.m2/repository/io/smallrye/common/smallrye-common-function/2.12.0/smallrye-common-function-2.12.0.jar:/home/samuel/.m2/repository/org/slf4j/slf4j-api/2.0.6/slf4j-api-2.0.6.jar:/home/samuel/.m2/repository/org/jboss/slf4j/slf4j-jboss-logmanager/2.0.0.Final/slf4j-jboss-logmanager-2.0.0.Final.jar:/home/samuel/.m2/repository/org/wildfly/common/wildfly-common/2.0.1/wildfly-common-2.0.1.jar:/home/samuel/.m2/repository/io/quarkus/quarkus-bootstrap-runner/3.21.3/quarkus-bootstrap-runner-3.21.3.jar:/home/samuel/.m2/repository/io/quarkus/quarkus-fs-util/0.0.10/quarkus-fs-util-0.0.10.jar:/home/samuel/.m2/repository/org/eclipse/microprofile/context-propagation/microprofile-context-propagation-api/1.3/microprofile-context-propagation-api-1.3.jar:/home/samuel/.m2/repository/io/quarkus/quarkus-rest/3.21.3/quarkus-rest-3.21.3.jar:/home/samuel/.m2/repository/io/quarkus/quarkus-rest-common/3.21.3/quarkus-rest-common-3.21.3.jar:/home/samuel/.m2/repository/io/quarkus/resteasy/reactive/resteasy-reactive-common/3.21.3/resteasy-reactive-common-3.21.3.jar:/home/samuel/.m2/repository/io/quarkus/resteasy/reactive/resteasy-reactive-common-types/3.21.3/resteasy-reactive-common-types-3.21.3.jar:/home/samuel/.m2/repository/org/reactivestreams/reactive-streams/1.0.4/reactive-streams-1.0.4.jar:/home/samuel/.m2/repository/io/smallrye/reactive/mutiny-zero-flow-adapters/1.1.1/mutiny-zero-flow-adapters-1.1.1.jar:/home/samuel/.m2/repository/io/quarkus/quarkus-mutiny/3.21.3/quarkus-mutiny-3.21.3.jar:/home/samuel/.m2/repository/io/quarkus/quarkus-smallrye-context-propagation/3.21.3/quarkus-smallrye-context-propagation-3.21.3.jar:/home/samuel/.m2/repository/io/smallrye/smallrye-context-propagation/2.2.1/smallrye-context-propagation-2.2.1.jar:/home/samuel/.m2/repository/io/smallrye/smallrye-context-propagation-api/2.2.1/smallrye-context-propagation-api-2.2.1.jar:/home/samuel/.m2/repository/io/smallrye/smallrye-context-propagation-storage/2.2.1/smallrye-context-propagation-storage-2.2.1.jar:/home/samuel/.m2/repository/io/smallrye/reactive/mutiny-smallrye-context-propagation/2.8.0/mutiny-smallrye-context-propagation-2.8.0.jar:/home/samuel/.m2/repository/io/quarkus/quarkus-vertx/3.21.3/quarkus-vertx-3.21.3.jar:/home/samuel/.m2/repository/io/quarkus/quarkus-netty/3.21.3/quarkus-netty-3.21.3.jar:/home/samuel/.m2/repository/io/netty/netty-codec/4.1.119.Final/netty-codec-4.1.119.Final.jar:/home/samuel/.m2/repository/io/netty/netty-codec-haproxy/4.1.119.Final/netty-codec-haproxy-4.1.119.Final.jar:/home/samuel/.m2/repository/io/quarkus/quarkus-vertx-latebound-mdc-provider/3.21.3/quarkus-vertx-latebound-mdc-provider-3.21.3.jar:/home/samuel/.m2/repository/io/smallrye/smallrye-fault-tolerance-vertx/6.9.0/smallrye-fault-tolerance-vertx-6.9.0.jar:/home/samuel/.m2/repository/io/quarkus/resteasy/reactive/resteasy-reactive-vertx/3.21.3/resteasy-reactive-vertx-3.21.3.jar:/home/samuel/.m2/repository/io/vertx/vertx-web/4.5.14/vertx-web-4.5.14.jar:/home/samuel/.m2/repository/io/vertx/vertx-web-common/4.5.14/vertx-web-common-4.5.14.jar:/home/samuel/.m2/repository/io/vertx/vertx-auth-common/4.5.14/vertx-auth-common-4.5.14.jar:/home/samuel/.m2/repository/io/vertx/vertx-bridge-common/4.5.14/vertx-bridge-common-4.5.14.jar:/home/samuel/.m2/repository/io/smallrye/reactive/smallrye-mutiny-vertx-core/3.18.1/smallrye-mutiny-vertx-core-3.18.1.jar:/home/samuel/.m2/repository/io/smallrye/reactive/smallrye-mutiny-vertx-runtime/3.18.1/smallrye-mutiny-vertx-runtime-3.18.1.jar:/home/samuel/.m2/repository/io/smallrye/reactive/vertx-mutiny-generator/3.18.1/vertx-mutiny-generator-3.18.1.jar:/home/samuel/.m2/repository/io/vertx/vertx-codegen/4.5.14/vertx-codegen-4.5.14.jar:/home/samuel/.m2/repository/io/quarkus/resteasy/reactive/resteasy-reactive/3.21.3/resteasy-reactive-3.21.3.jar:/home/samuel/.m2/repository/io/quarkus/vertx/utils/quarkus-vertx-utils/3.21.3/quarkus-vertx-utils-3.21.3.jar:/home/samuel/.m2/repository/jakarta/ws/rs/jakarta.ws.rs-api/3.1.0/jakarta.ws.rs-api-3.1.0.jar:/home/samuel/.m2/repository/org/jboss/logging/commons-logging-jboss-logging/1.0.0.Final/commons-logging-jboss-logging-1.0.0.Final.jar:/home/samuel/.m2/repository/jakarta/xml/bind/jakarta.xml.bind-api/4.0.2/jakarta.xml.bind-api-4.0.2.jar:/home/samuel/.m2/repository/jakarta/activation/jakarta.activation-api/2.1.3/jakarta.activation-api-2.1.3.jar:/home/samuel/.m2/repository/io/quarkus/quarkus-vertx-http/3.21.3/quarkus-vertx-http-3.21.3.jar:/home/samuel/.m2/repository/io/quarkus/quarkus-security-runtime-spi/3.21.3/quarkus-security-runtime-spi-3.21.3.jar:/home/samuel/.m2/repository/io/quarkus/quarkus-tls-registry/3.21.3/quarkus-tls-registry-3.21.3.jar:/home/samuel/.m2/repository/io/quarkus/quarkus-tls-registry-spi/3.21.3/quarkus-tls-registry-spi-3.21.3.jar:/home/samuel/.m2/repository/io/smallrye/certs/smallrye-private-key-pem-parser/0.9.2/smallrye-private-key-pem-parser-0.9.2.jar:/home/samuel/.m2/repository/io/quarkus/quarkus-credentials/3.21.3/quarkus-credentials-3.21.3.jar:/home/samuel/.m2/repository/io/smallrye/common/smallrye-common-vertx-context/2.12.0/smallrye-common-vertx-context-2.12.0.jar:/home/samuel/.m2/repository/io/quarkus/security/quarkus-security/2.2.1/quarkus-security-2.2.1.jar:/home/samuel/.m2/repository/io/smallrye/reactive/smallrye-mutiny-vertx-web/3.18.1/smallrye-mutiny-vertx-web-3.18.1.jar:/home/samuel/.m2/repository/io/smallrye/reactive/smallrye-mutiny-vertx-web-common/3.18.1/smallrye-mutiny-vertx-web-common-3.18.1.jar:/home/samuel/.m2/repository/io/smallrye/reactive/smallrye-mutiny-vertx-auth-common/3.18.1/smallrye-mutiny-vertx-auth-common-3.18.1.jar:/home/samuel/.m2/repository/io/smallrye/reactive/smallrye-mutiny-vertx-bridge-common/3.18.1/smallrye-mutiny-vertx-bridge-common-3.18.1.jar:/home/samuel/.m2/repository/io/smallrye/reactive/smallrye-mutiny-vertx-uri-template/3.18.1/smallrye-mutiny-vertx-uri-template-3.18.1.jar:/home/samuel/.m2/repository/io/vertx/vertx-uri-template/4.5.14/vertx-uri-template-4.5.14.jar:/home/samuel/.m2/repository/io/github/crac/org-crac/0.1.3/org-crac-0.1.3.jar:/home/samuel/.m2/repository/com/aayushatharva/brotli4j/brotli4j/1.16.0/brotli4j-1.16.0.jar:/home/samuel/.m2/repository/com/aayushatharva/brotli4j/service/1.16.0/service-1.16.0.jar:/home/samuel/.m2/repository/com/aayushatharva/brotli4j/native-linux-x86_64/1.16.0/native-linux-x86_64-1.16.0.jar:/home/samuel/.m2/repository/io/quarkus/quarkus-jsonp/3.21.3/quarkus-jsonp-3.21.3.jar:/home/samuel/.m2/repository/org/eclipse/parsson/parsson/1.1.7/parsson-1.1.7.jar:/home/samuel/.m2/repository/io/quarkus/quarkus-virtual-threads/3.21.3/quarkus-virtual-threads-3.21.3.jar:/home/samuel/.m2/repository/io/vertx/vertx-core/4.5.14/vertx-core-4.5.14.jar:/home/samuel/.m2/repository/io/netty/netty-common/4.1.119.Final/netty-common-4.1.119.Final.jar:/home/samuel/.m2/repository/io/netty/netty-buffer/4.1.119.Final/netty-buffer-4.1.119.Final.jar:/home/samuel/.m2/repository/io/netty/netty-transport/4.1.119.Final/netty-transport-4.1.119.Final.jar:/home/samuel/.m2/repository/io/netty/netty-handler/4.1.119.Final/netty-handler-4.1.119.Final.jar:/home/samuel/.m2/repository/io/netty/netty-transport-native-unix-common/4.1.119.Final/netty-transport-native-unix-common-4.1.119.Final.jar:/home/samuel/.m2/repository/io/netty/netty-handler-proxy/4.1.119.Final/netty-handler-proxy-4.1.119.Final.jar:/home/samuel/.m2/repository/io/netty/netty-codec-socks/4.1.119.Final/netty-codec-socks-4.1.119.Final.jar:/home/samuel/.m2/repository/io/netty/netty-codec-http/4.1.119.Final/netty-codec-http-4.1.119.Final.jar:/home/samuel/.m2/repository/io/netty/netty-codec-http2/4.1.119.Final/netty-codec-http2-4.1.119.Final.jar:/home/samuel/.m2/repository/io/netty/netty-resolver/4.1.119.Final/netty-resolver-4.1.119.Final.jar:/home/samuel/.m2/repository/io/netty/netty-resolver-dns/4.1.119.Final/netty-resolver-dns-4.1.119.Final.jar:/home/samuel/.m2/repository/io/netty/netty-codec-dns/4.1.119.Final/netty-codec-dns-4.1.119.Final.jar:/home/samuel/.m2/repository/io/quarkus/quarkus-swagger-ui/3.21.3/quarkus-swagger-ui-3.21.3.jar:/home/samuel/.m2/repository/io/quarkus/quarkus-smallrye-openapi/3.21.3/quarkus-smallrye-openapi-3.21.3.jar:/home/samuel/.m2/repository/io/smallrye/smallrye-open-api-core/4.0.8/smallrye-open-api-core-4.0.8.jar:/home/samuel/.m2/repository/org/eclipse/microprofile/openapi/microprofile-openapi-api/4.0.2/microprofile-openapi-api-4.0.2.jar:/home/samuel/.m2/repository/org/eclipse/microprofile/config/microprofile-config-api/3.1/microprofile-config-api-3.1.jar:/home/samuel/.m2/repository/io/smallrye/smallrye-open-api-model/4.0.8/smallrye-open-api-model-4.0.8.jar:/home/samuel/.m2/repository/com/fasterxml/jackson/core/jackson-core/2.18.2/jackson-core-2.18.2.jar:/home/samuel/.m2/repository/com/fasterxml/jackson/core/jackson-databind/2.18.2/jackson-databind-2.18.2.jar:/home/samuel/.m2/repository/com/fasterxml/jackson/core/jackson-annotations/2.18.2/jackson-annotations-2.18.2.jar:/home/samuel/.m2/repository/com/fasterxml/jackson/dataformat/jackson-dataformat-yaml/2.18.2/jackson-dataformat-yaml-2.18.2.jar:/home/samuel/.m2/repository/org/yaml/snakeyaml/2.4/snakeyaml-2.4.jar:/home/samuel/.m2/repository/io/smallrye/jandex/3.3.0/jandex-3.3.0.jar:/home/samuel/.m2/repository/io/smallrye/common/smallrye-common-classloader/2.12.0/smallrye-common-classloader-2.12.0.jar:/home/samuel/.m2/repository/io/quarkus/quarkus-junit5/3.21.3/quarkus-junit5-3.21.3.jar:/home/samuel/.m2/repository/io/quarkus/quarkus-bootstrap-core/3.21.3/quarkus-bootstrap-core-3.21.3.jar:/home/samuel/.m2/repository/io/quarkus/quarkus-classloader-commons/3.21.3/quarkus-classloader-commons-3.21.3.jar:/home/samuel/.m2/repository/io/quarkus/quarkus-bootstrap-app-model/3.21.3/quarkus-bootstrap-app-model-3.21.3.jar:/home/samuel/.m2/repository/io/smallrye/common/smallrye-common-io/2.12.0/smallrye-common-io-2.12.0.jar:/home/samuel/.m2/repository/org/eclipse/sisu/org.eclipse.sisu.inject/0.9.0.M3/org.eclipse.sisu.inject-0.9.0.M3.jar:/home/samuel/.m2/repository/io/quarkus/quarkus-test-common/3.21.3/quarkus-test-common-3.21.3.jar:/home/samuel/.m2/repository/io/quarkus/quarkus-core-deployment/3.21.3/quarkus-core-deployment-3.21.3.jar:/home/samuel/.m2/repository/org/aesh/readline/2.6/readline-2.6.jar:/home/samuel/.m2/repository/org/fusesource/jansi/jansi/2.4.0/jansi-2.4.0.jar:/home/samuel/.m2/repository/org/aesh/aesh/2.8.2/aesh-2.8.2.jar:/home/samuel/.m2/repository/io/quarkus/gizmo/gizmo/1.9.0/gizmo-1.9.0.jar:/home/samuel/.m2/repository/org/ow2/asm/asm-util/9.7.1/asm-util-9.7.1.jar:/home/samuel/.m2/repository/org/ow2/asm/asm-analysis/9.7.1/asm-analysis-9.7.1.jar:/home/samuel/.m2/repository/org/ow2/asm/asm/9.7.1/asm-9.7.1.jar:/home/samuel/.m2/repository/org/ow2/asm/asm-commons/9.7.1/asm-commons-9.7.1.jar:/home/samuel/.m2/repository/org/ow2/asm/asm-tree/9.7.1/asm-tree-9.7.1.jar:/home/samuel/.m2/repository/io/quarkus/quarkus-hibernate-validator-spi/3.21.3/quarkus-hibernate-validator-spi-3.21.3.jar:/home/samuel/.m2/repository/io/quarkus/quarkus-class-change-agent/3.21.3/quarkus-class-change-agent-3.21.3.jar:/home/samuel/.m2/repository/io/quarkus/quarkus-devtools-utilities/3.21.3/quarkus-devtools-utilities-3.21.3.jar:/home/samuel/.m2/repository/io/quarkus/quarkus-builder/3.21.3/quarkus-builder-3.21.3.jar:/home/samuel/.m2/repository/org/graalvm/sdk/nativeimage/23.1.2/nativeimage-23.1.2.jar:/home/samuel/.m2/repository/org/graalvm/sdk/word/23.1.2/word-23.1.2.jar:/home/samuel/.m2/repository/org/junit/platform/junit-platform-launcher/1.12.2/junit-platform-launcher-1.12.2.jar:/home/samuel/.m2/repository/io/quarkus/quarkus-bootstrap-maven-resolver/3.21.3/quarkus-bootstrap-maven-resolver-3.21.3.jar:/home/samuel/.m2/repository/io/smallrye/beanbag/smallrye-beanbag-maven/1.5.2/smallrye-beanbag-maven-1.5.2.jar:/home/samuel/.m2/repository/io/smallrye/beanbag/smallrye-beanbag-sisu/1.5.2/smallrye-beanbag-sisu-1.5.2.jar:/home/samuel/.m2/repository/io/smallrye/beanbag/smallrye-beanbag/1.5.2/smallrye-beanbag-1.5.2.jar:/home/samuel/.m2/repository/javax/inject/javax.inject/1/javax.inject-1.jar:/home/samuel/.m2/repository/org/apache/maven/maven-artifact/3.9.9/maven-artifact-3.9.9.jar:/home/samuel/.m2/repository/org/apache/maven/maven-builder-support/3.9.9/maven-builder-support-3.9.9.jar:/home/samuel/.m2/repository/org/apache/maven/maven-model/3.9.9/maven-model-3.9.9.jar:/home/samuel/.m2/repository/org/apache/maven/maven-model-builder/3.9.9/maven-model-builder-3.9.9.jar:/home/samuel/.m2/repository/org/apache/maven/maven-repository-metadata/3.9.9/maven-repository-metadata-3.9.9.jar:/home/samuel/.m2/repository/org/apache/maven/maven-settings/3.9.9/maven-settings-3.9.9.jar:/home/samuel/.m2/repository/org/apache/maven/resolver/maven-resolver-api/1.9.22/maven-resolver-api-1.9.22.jar:/home/samuel/.m2/repository/org/apache/maven/resolver/maven-resolver-impl/1.9.22/maven-resolver-impl-1.9.22.jar:/home/samuel/.m2/repository/org/apache/maven/resolver/maven-resolver-named-locks/1.9.22/maven-resolver-named-locks-1.9.22.jar:/home/samuel/.m2/repository/org/apache/maven/resolver/maven-resolver-spi/1.9.22/maven-resolver-spi-1.9.22.jar:/home/samuel/.m2/repository/org/apache/maven/resolver/maven-resolver-util/1.9.22/maven-resolver-util-1.9.22.jar:/home/samuel/.m2/repository/org/apache/maven/resolver/maven-resolver-transport-http/1.9.20/maven-resolver-transport-http-1.9.20.jar:/home/samuel/.m2/repository/org/apache/maven/wagon/wagon-provider-api/3.5.3/wagon-provider-api-3.5.3.jar:/home/samuel/.m2/repository/org/apache/maven/wagon/wagon-http-shared/3.5.3/wagon-http-shared-3.5.3.jar:/home/samuel/.m2/repository/org/codehaus/plexus/plexus-interpolation/1.26/plexus-interpolation-1.26.jar:/home/samuel/.m2/repository/org/codehaus/plexus/plexus-utils/3.5.1/plexus-utils-3.5.1.jar:/home/samuel/.m2/repository/org/codehaus/plexus/plexus-xml/4.0.1/plexus-xml-4.0.1.jar:/home/samuel/.m2/repository/org/apache/maven/maven-xml-impl/4.0.0-alpha-5/maven-xml-impl-4.0.0-alpha-5.jar:/home/samuel/.m2/repository/org/apache/maven/maven-api-xml/4.0.0-alpha-5/maven-api-xml-4.0.0-alpha-5.jar:/home/samuel/.m2/repository/org/apache/maven/maven-api-meta/4.0.0-alpha-5/maven-api-meta-4.0.0-alpha-5.jar:/home/samuel/.m2/repository/org/codehaus/plexus/plexus-cipher/2.0/plexus-cipher-2.0.jar:/home/samuel/.m2/repository/org/codehaus/plexus/plexus-sec-dispatcher/2.0/plexus-sec-dispatcher-2.0.jar:/home/samuel/.m2/repository/org/apache/maven/maven-embedder/3.9.9/maven-embedder-3.9.9.jar:/home/samuel/.m2/repository/org/apache/maven/maven-core/3.9.9/maven-core-3.9.9.jar:/home/samuel/.m2/repository/org/codehaus/plexus/plexus-component-annotations/2.1.0/plexus-component-annotations-2.1.0.jar:/home/samuel/.m2/repository/org/apache/maven/maven-plugin-api/3.9.9/maven-plugin-api-3.9.9.jar:/home/samuel/.m2/repository/org/apache/maven/shared/maven-shared-utils/3.4.2/maven-shared-utils-3.4.2.jar:/home/samuel/.m2/repository/com/google/inject/guice/5.1.0/guice-5.1.0.jar:/home/samuel/.m2/repository/aopalliance/aopalliance/1.0/aopalliance-1.0.jar:/home/samuel/.m2/repository/com/google/guava/guava/33.4.8-jre/guava-33.4.8-jre.jar:/home/samuel/.m2/repository/com/google/guava/failureaccess/1.0.1/failureaccess-1.0.1.jar:/home/samuel/.m2/repository/javax/annotation/javax.annotation-api/1.3.2/javax.annotation-api-1.3.2.jar:/home/samuel/.m2/repository/org/codehaus/plexus/plexus-classworlds/2.6.0/plexus-classworlds-2.6.0.jar:/home/samuel/.m2/repository/commons-cli/commons-cli/1.8.0/commons-cli-1.8.0.jar:/home/samuel/.m2/repository/org/eclipse/sisu/org.eclipse.sisu.plexus/0.9.0.M3/org.eclipse.sisu.plexus-0.9.0.M3.jar:/home/samuel/.m2/repository/org/apache/maven/maven-settings-builder/3.9.9/maven-settings-builder-3.9.9.jar:/home/samuel/.m2/repository/org/apache/maven/maven-resolver-provider/3.9.9/maven-resolver-provider-3.9.9.jar:/home/samuel/.m2/repository/org/apache/maven/resolver/maven-resolver-connector-basic/1.9.22/maven-resolver-connector-basic-1.9.22.jar:/home/samuel/.m2/repository/org/apache/maven/resolver/maven-resolver-transport-wagon/1.9.22/maven-resolver-transport-wagon-1.9.22.jar:/home/samuel/.m2/repository/org/apache/maven/wagon/wagon-http/3.5.3/wagon-http-3.5.3.jar:/home/samuel/.m2/repository/org/apache/maven/wagon/wagon-file/3.5.3/wagon-file-3.5.3.jar:/home/samuel/.m2/repository/io/quarkus/quarkus-bootstrap-gradle-resolver/3.21.3/quarkus-bootstrap-gradle-resolver-3.21.3.jar:/home/samuel/.m2/repository/commons-io/commons-io/2.18.0/commons-io-2.18.0.jar:/home/samuel/.m2/repository/io/quarkus/quarkus-junit5-config/3.21.3/quarkus-junit5-config-3.21.3.jar:/home/samuel/.m2/repository/org/junit/jupiter/junit-jupiter-api/5.12.2/junit-jupiter-api-5.12.2.jar:/home/samuel/.m2/repository/org/opentest4j/opentest4j/1.3.0/opentest4j-1.3.0.jar:/home/samuel/.m2/repository/org/junit/platform/junit-platform-commons/1.12.2/junit-platform-commons-1.12.2.jar:/home/samuel/.m2/repository/org/apiguardian/apiguardian-api/1.1.2/apiguardian-api-1.1.2.jar:/home/samuel/.m2/repository/org/junit/jupiter/junit-jupiter/5.12.2/junit-jupiter-5.12.2.jar:/home/samuel/.m2/repository/org/junit/jupiter/junit-jupiter-params/5.12.2/junit-jupiter-params-5.12.2.jar:/home/samuel/.m2/repository/org/junit/jupiter/junit-jupiter-engine/5.12.2/junit-jupiter-engine-5.12.2.jar:/home/samuel/.m2/repository/org/junit/platform/junit-platform-engine/1.12.2/junit-platform-engine-1.12.2.jar:/home/samuel/.m2/repository/org/jboss/marshalling/jboss-marshalling/2.2.3.Final/jboss-marshalling-2.2.3.Final.jar:/home/samuel/.m2/repository/io/rest-assured/rest-assured/5.5.1/rest-assured-5.5.1.jar:/home/samuel/.m2/repository/org/apache/groovy/groovy/4.0.22/groovy-4.0.22.jar:/home/samuel/.m2/repository/org/apache/groovy/groovy-xml/4.0.22/groovy-xml-4.0.22.jar:/home/samuel/.m2/repository/org/apache/httpcomponents/httpclient/4.5.14/httpclient-4.5.14.jar:/home/samuel/.m2/repository/org/apache/httpcomponents/httpcore/4.4.16/httpcore-4.4.16.jar:/home/samuel/.m2/repository/commons-codec/commons-codec/1.18.0/commons-codec-1.18.0.jar:/home/samuel/.m2/repository/org/apache/httpcomponents/httpmime/4.5.14/httpmime-4.5.14.jar:/home/samuel/.m2/repository/org/hamcrest/hamcrest/2.2/hamcrest-2.2.jar:/home/samuel/.m2/repository/org/ccil/cowan/tagsoup/tagsoup/1.2.1/tagsoup-1.2.1.jar:/home/samuel/.m2/repository/io/rest-assured/json-path/5.5.1/json-path-5.5.1.jar:/home/samuel/.m2/repository/org/apache/groovy/groovy-json/4.0.22/groovy-json-4.0.22.jar:/home/samuel/.m2/repository/io/rest-assured/rest-assured-common/5.5.1/rest-assured-common-5.5.1.jar:/home/samuel/.m2/repository/io/rest-assured/xml-path/5.5.1/xml-path-5.5.1.jar:/home/samuel/.m2/repository/org/apache/commons/commons-lang3/3.17.0/commons-lang3-3.17.0.jar:/home/samuel/.m2/repository/io/quarkus/quarkus-hibernate-orm-panache/3.21.3/quarkus-hibernate-orm-panache-3.21.3.jar:/home/samuel/.m2/repository/io/quarkus/quarkus-hibernate-orm/3.21.3/quarkus-hibernate-orm-3.21.3.jar:/home/samuel/.m2/repository/io/quarkus/quarkus-narayana-jta/3.21.3/quarkus-narayana-jta-3.21.3.jar:/home/samuel/.m2/repository/io/quarkus/quarkus-transaction-annotations/3.21.3/quarkus-transaction-annotations-3.21.3.jar:/home/samuel/.m2/repository/io/quarkus/quarkus-datasource-common/3.21.3/quarkus-datasource-common-3.21.3.jar:/home/samuel/.m2/repository/io/smallrye/smallrye-context-propagation-jta/2.2.1/smallrye-context-propagation-jta-2.2.1.jar:/home/samuel/.m2/repository/io/smallrye/reactive/smallrye-reactive-converter-api/3.0.3/smallrye-reactive-converter-api-3.0.3.jar:/home/samuel/.m2/repository/io/smallrye/reactive/smallrye-reactive-converter-mutiny/3.0.3/smallrye-reactive-converter-mutiny-3.0.3.jar:/home/samuel/.m2/repository/org/jboss/narayana/jta/narayana-jta/7.2.1.Final/narayana-jta-7.2.1.Final.jar:/home/samuel/.m2/repository/jakarta/resource/jakarta.resource-api/2.1.0/jakarta.resource-api-2.1.0.jar:/home/samuel/.m2/repository/org/jboss/invocation/jboss-invocation/2.0.0.Final/jboss-invocation-2.0.0.Final.jar:/home/samuel/.m2/repository/org/eclipse/microprofile/reactive-streams-operators/microprofile-reactive-streams-operators-api/3.0.1/microprofile-reactive-streams-operators-api-3.0.1.jar:/home/samuel/.m2/repository/org/jboss/narayana/jts/narayana-jts-integration/7.2.1.Final/narayana-jts-integration-7.2.1.Final.jar:/home/samuel/.m2/repository/org/hibernate/orm/hibernate-core/6.6.13.Final/hibernate-core-6.6.13.Final.jar:/home/samuel/.m2/repository/com/fasterxml/classmate/1.7.0/classmate-1.7.0.jar:/home/samuel/.m2/repository/org/antlr/antlr4-runtime/4.13.0/antlr4-runtime-4.13.0.jar:/home/samuel/.m2/repository/net/bytebuddy/byte-buddy/1.15.11/byte-buddy-1.15.11.jar:/home/samuel/.m2/repository/org/hibernate/common/hibernate-commons-annotations/7.0.3.Final/hibernate-commons-annotations-7.0.3.Final.jar:/home/samuel/.m2/repository/org/hibernate/orm/hibernate-graalvm/6.6.13.Final/hibernate-graalvm-6.6.13.Final.jar:/home/samuel/.m2/repository/org/glassfish/jaxb/jaxb-runtime/4.0.5/jaxb-runtime-4.0.5.jar:/home/samuel/.m2/repository/org/glassfish/jaxb/jaxb-core/4.0.5/jaxb-core-4.0.5.jar:/home/samuel/.m2/repository/org/eclipse/angus/angus-activation/2.0.2/angus-activation-2.0.2.jar:/home/samuel/.m2/repository/org/glassfish/jaxb/txw2/4.0.5/txw2-4.0.5.jar:/home/samuel/.m2/repository/com/sun/istack/istack-commons-runtime/4.1.2/istack-commons-runtime-4.1.2.jar:/home/samuel/.m2/repository/jakarta/persistence/jakarta.persistence-api/3.1.0/jakarta.persistence-api-3.1.0.jar:/home/samuel/.m2/repository/org/hibernate/quarkus-local-cache/0.3.1/quarkus-local-cache-0.3.1.jar:/home/samuel/.m2/repository/io/quarkus/quarkus-caffeine/3.21.3/quarkus-caffeine-3.21.3.jar:/home/samuel/.m2/repository/com/github/ben-manes/caffeine/caffeine/3.2.0/caffeine-3.2.0.jar:/home/samuel/.m2/repository/org/jspecify/jspecify/1.0.0/jspecify-1.0.0.jar:/home/samuel/.m2/repository/com/google/errorprone/error_prone_annotations/2.36.0/error_prone_annotations-2.36.0.jar:/home/samuel/.m2/repository/io/quarkus/quarkus-hibernate-orm-panache-common/3.21.3/quarkus-hibernate-orm-panache-common-3.21.3.jar:/home/samuel/.m2/repository/io/quarkus/quarkus-panache-hibernate-common/3.21.3/quarkus-panache-hibernate-common-3.21.3.jar:/home/samuel/.m2/repository/io/quarkus/quarkus-panache-common/3.21.3/quarkus-panache-common-3.21.3.jar:/home/samuel/.m2/repository/io/quarkus/quarkus-rest-client-jackson/3.21.3/quarkus-rest-client-jackson-3.21.3.jar:/home/samuel/.m2/repository/io/quarkus/resteasy/reactive/resteasy-reactive-jackson/3.21.3/resteasy-reactive-jackson-3.21.3.jar:/home/samuel/.m2/repository/io/quarkus/quarkus-rest-jackson-common/3.21.3/quarkus-rest-jackson-common-3.21.3.jar:/home/samuel/.m2/repository/io/quarkus/quarkus-jackson/3.21.3/quarkus-jackson-3.21.3.jar:/home/samuel/.m2/repository/com/fasterxml/jackson/datatype/jackson-datatype-jsr310/2.18.2/jackson-datatype-jsr310-2.18.2.jar:/home/samuel/.m2/repository/com/fasterxml/jackson/datatype/jackson-datatype-jdk8/2.18.2/jackson-datatype-jdk8-2.18.2.jar:/home/samuel/.m2/repository/com/fasterxml/jackson/module/jackson-module-parameter-names/2.18.2/jackson-module-parameter-names-2.18.2.jar:/home/samuel/.m2/repository/io/quarkus/quarkus-rest-client/3.21.3/quarkus-rest-client-3.21.3.jar:/home/samuel/.m2/repository/io/quarkus/quarkus-rest-client-jaxrs/3.21.3/quarkus-rest-client-jaxrs-3.21.3.jar:/home/samuel/.m2/repository/io/quarkus/resteasy/reactive/resteasy-reactive-client/3.21.3/resteasy-reactive-client-3.21.3.jar:/home/samuel/.m2/repository/io/vertx/vertx-web-client/4.5.14/vertx-web-client-4.5.14.jar:/home/samuel/.m2/repository/io/quarkus/quarkus-smallrye-stork/3.21.3/quarkus-smallrye-stork-3.21.3.jar:/home/samuel/.m2/repository/io/quarkus/quarkus-rest-client-config/3.21.3/quarkus-rest-client-config-3.21.3.jar:/home/samuel/.m2/repository/io/smallrye/stork/stork-api/2.7.3/stork-api-2.7.3.jar:/home/samuel/.m2/repository/io/smallrye/stork/stork-core/2.7.3/stork-core-2.7.3.jar:/home/samuel/.m2/repository/org/eclipse/microprofile/rest/client/microprofile-rest-client-api/4.0/microprofile-rest-client-api-4.0.jar:/home/samuel/.m2/repository/io/quarkus/quarkus-rest-jackson/3.21.3/quarkus-rest-jackson-3.21.3.jar:/home/samuel/.m2/repository/io/quarkus/quarkus-jdbc-mysql/3.21.3/quarkus-jdbc-mysql-3.21.3.jar:/home/samuel/.m2/repository/io/quarkus/quarkus-agroal/3.21.3/quarkus-agroal-3.21.3.jar:/home/samuel/.m2/repository/io/quarkus/quarkus-datasource/3.21.3/quarkus-datasource-3.21.3.jar:/home/samuel/.m2/repository/io/agroal/agroal-api/2.6/agroal-api-2.6.jar:/home/samuel/.m2/repository/io/agroal/agroal-narayana/2.6/agroal-narayana-2.6.jar:/home/samuel/.m2/repository/org/jboss/jboss-transaction-spi/8.0.0.Final/jboss-transaction-spi-8.0.0.Final.jar:/home/samuel/.m2/repository/io/agroal/agroal-pool/2.6/agroal-pool-2.6.jar:/home/samuel/.m2/repository/com/mysql/mysql-connector-j/8.3.0/mysql-connector-j-8.3.0.jar:/home/samuel/.m2/repository/org/projectlombok/lombok/1.18.38/lombok-1.18.38.jar:/home/samuel/.m2/repository/io/quarkus/quarkus-jdbc-h2/3.21.3/quarkus-jdbc-h2-3.21.3.jar:/home/samuel/.m2/repository/com/h2database/h2/2.3.230/h2-2.3.230.jar:/home/samuel/.m2/repository/org/locationtech/jts/jts-core/1.19.0/jts-core-1.19.0.jar:/home/samuel/.m2/repository/io/quarkus/quarkus-smallrye-jwt/3.21.3/quarkus-smallrye-jwt-3.21.3.jar:/home/samuel/.m2/repository/io/smallrye/smallrye-jwt/4.6.1/smallrye-jwt-4.6.1.jar:/home/samuel/.m2/repository/org/eclipse/microprofile/jwt/microprofile-jwt-auth-api/2.1/microprofile-jwt-auth-api-2.1.jar:/home/samuel/.m2/repository/org/bitbucket/b_c/jose4j/0.9.6/jose4j-0.9.6.jar:/home/samuel/.m2/repository/io/smallrye/smallrye-jwt-common/4.6.1/smallrye-jwt-common-4.6.1.jar:/home/samuel/.m2/repository/jakarta/annotation/jakarta.annotation-api/3.0.0/jakarta.annotation-api-3.0.0.jar:/home/samuel/.m2/repository/io/quarkus/quarkus-security/3.21.3/quarkus-security-3.21.3.jar:/home/samuel/.m2/repository/jakarta/interceptor/jakarta.interceptor-api/2.2.0/jakarta.interceptor-api-2.2.0.jar:/home/samuel/.m2/repository/io/quarkus/quarkus-smallrye-jwt-build/3.21.3/quarkus-smallrye-jwt-build-3.21.3.jar:/home/samuel/.m2/repository/io/smallrye/smallrye-jwt-build/4.6.1/smallrye-jwt-build-4.6.1.jar:"/>
    <property name="java.vm.vendor" value="Oracle Corporation"/>
    <property name="sun.arch.data.model" value="64"/>
    <property name="java.vendor.url" value="https://java.oracle.com/"/>
    <property name="user.timezone" value="America/Sao_Paulo"/>
    <property name="logging.initial-configurator.min-level" value="500"/>
    <property name="os.name" value="Linux"/>
    <property name="java.vm.specification.version" value="21"/>
    <property name="sun.java.launcher" value="SUN_STANDARD"/>
    <property name="user.country" value="BR"/>
    <property name="groovy.use.classvalue" value="false"/>
    <property name="sun.boot.library.path" value="/usr/lib/jvm/jdk-21-oracle-x64/lib"/>
    <property name="sun.java.command" value="/home/samuel/UNB/TPPE/refactor/backend/target/surefire/surefirebooter-20250718223848956_3.jar /home/samuel/UNB/TPPE/refactor/backend/target/surefire 2025-07-18T22-38-48_867-jvmRun1 surefire-20250718223848956_1tmp surefire_0-20250718223848956_2tmp"/>
    <property name="jdk.debug" value="release"/>
    <property name="maven.home" value="/home/samuel/Desenvolvimento/apache-maven-3.9.9"/>
    <property name="surefire.test.class.path" value="/home/samuel/UNB/TPPE/refactor/backend/target/test-classes:/home/samuel/UNB/TPPE/refactor/backend/target/classes:/home/samuel/.m2/repository/io/quarkus/quarkus-arc/3.21.3/quarkus-arc-3.21.3.jar:/home/samuel/.m2/repository/io/quarkus/arc/arc/3.21.3/arc-3.21.3.jar:/home/samuel/.m2/repository/jakarta/enterprise/jakarta.enterprise.cdi-api/4.1.0/jakarta.enterprise.cdi-api-4.1.0.jar:/home/samuel/.m2/repository/jakarta/enterprise/jakarta.enterprise.lang-model/4.1.0/jakarta.enterprise.lang-model-4.1.0.jar:/home/samuel/.m2/repository/jakarta/el/jakarta.el-api/5.0.1/jakarta.el-api-5.0.1.jar:/home/samuel/.m2/repository/jakarta/transaction/jakarta.transaction-api/2.0.1/jakarta.transaction-api-2.0.1.jar:/home/samuel/.m2/repository/io/smallrye/reactive/mutiny/2.8.0/mutiny-2.8.0.jar:/home/samuel/.m2/repository/io/smallrye/common/smallrye-common-annotation/2.12.0/smallrye-common-annotation-2.12.0.jar:/home/samuel/.m2/repository/org/jctools/jctools-core/4.0.5/jctools-core-4.0.5.jar:/home/samuel/.m2/repository/org/jboss/logging/jboss-logging/3.6.1.Final/jboss-logging-3.6.1.Final.jar:/home/samuel/.m2/repository/io/quarkus/quarkus-core/3.21.3/quarkus-core-3.21.3.jar:/home/samuel/.m2/repository/jakarta/inject/jakarta.inject-api/2.0.1/jakarta.inject-api-2.0.1.jar:/home/samuel/.m2/repository/io/smallrye/common/smallrye-common-os/2.12.0/smallrye-common-os-2.12.0.jar:/home/samuel/.m2/repository/io/quarkus/quarkus-ide-launcher/3.21.3/quarkus-ide-launcher-3.21.3.jar:/home/samuel/.m2/repository/io/quarkus/quarkus-development-mode-spi/3.21.3/quarkus-development-mode-spi-3.21.3.jar:/home/samuel/.m2/repository/io/smallrye/config/smallrye-config/3.12.4/smallrye-config-3.12.4.jar:/home/samuel/.m2/repository/io/smallrye/config/smallrye-config-core/3.12.4/smallrye-config-core-3.12.4.jar:/home/samuel/.m2/repository/io/smallrye/config/smallrye-config-common/3.12.4/smallrye-config-common-3.12.4.jar:/home/samuel/.m2/repository/org/jboss/logmanager/jboss-logmanager/3.1.2.Final/jboss-logmanager-3.1.2.Final.jar:/home/samuel/.m2/repository/io/smallrye/common/smallrye-common-constraint/2.12.0/smallrye-common-constraint-2.12.0.jar:/home/samuel/.m2/repository/io/smallrye/common/smallrye-common-cpu/2.12.0/smallrye-common-cpu-2.12.0.jar:/home/samuel/.m2/repository/io/smallrye/common/smallrye-common-expression/2.12.0/smallrye-common-expression-2.12.0.jar:/home/samuel/.m2/repository/io/smallrye/common/smallrye-common-net/2.12.0/smallrye-common-net-2.12.0.jar:/home/samuel/.m2/repository/io/smallrye/common/smallrye-common-ref/2.12.0/smallrye-common-ref-2.12.0.jar:/home/samuel/.m2/repository/jakarta/json/jakarta.json-api/2.1.3/jakarta.json-api-2.1.3.jar:/home/samuel/.m2/repository/org/jboss/logging/jboss-logging-annotations/3.0.4.Final/jboss-logging-annotations-3.0.4.Final.jar:/home/samuel/.m2/repository/org/jboss/threads/jboss-threads/3.8.0.Final/jboss-threads-3.8.0.Final.jar:/home/samuel/.m2/repository/io/smallrye/common/smallrye-common-function/2.12.0/smallrye-common-function-2.12.0.jar:/home/samuel/.m2/repository/org/slf4j/slf4j-api/2.0.6/slf4j-api-2.0.6.jar:/home/samuel/.m2/repository/org/jboss/slf4j/slf4j-jboss-logmanager/2.0.0.Final/slf4j-jboss-logmanager-2.0.0.Final.jar:/home/samuel/.m2/repository/org/wildfly/common/wildfly-common/2.0.1/wildfly-common-2.0.1.jar:/home/samuel/.m2/repository/io/quarkus/quarkus-bootstrap-runner/3.21.3/quarkus-bootstrap-runner-3.21.3.jar:/home/samuel/.m2/repository/io/quarkus/quarkus-fs-util/0.0.10/quarkus-fs-util-0.0.10.jar:/home/samuel/.m2/repository/org/eclipse/microprofile/context-propagation/microprofile-context-propagation-api/1.3/microprofile-context-propagation-api-1.3.jar:/home/samuel/.m2/repository/io/quarkus/quarkus-rest/3.21.3/quarkus-rest-3.21.3.jar:/home/samuel/.m2/repository/io/quarkus/quarkus-rest-common/3.21.3/quarkus-rest-common-3.21.3.jar:/home/samuel/.m2/repository/io/quarkus/resteasy/reactive/resteasy-reactive-common/3.21.3/resteasy-reactive-common-3.21.3.jar:/home/samuel/.m2/repository/io/quarkus/resteasy/reactive/resteasy-reactive-common-types/3.21.3/resteasy-reactive-common-types-3.21.3.jar:/home/samuel/.m2/repository/org/reactivestreams/reactive-streams/1.0.4/reactive-streams-1.0.4.jar:/home/samuel/.m2/repository/io/smallrye/reactive/mutiny-zero-flow-adapters/1.1.1/mutiny-zero-flow-adapters-1.1.1.jar:/home/samuel/.m2/repository/io/quarkus/quarkus-mutiny/3.21.3/quarkus-mutiny-3.21.3.jar:/home/samuel/.m2/repository/io/quarkus/quarkus-smallrye-context-propagation/3.21.3/quarkus-smallrye-context-propagation-3.21.3.jar:/home/samuel/.m2/repository/io/smallrye/smallrye-context-propagation/2.2.1/smallrye-context-propagation-2.2.1.jar:/home/samuel/.m2/repository/io/smallrye/smallrye-context-propagation-api/2.2.1/smallrye-context-propagation-api-2.2.1.jar:/home/samuel/.m2/repository/io/smallrye/smallrye-context-propagation-storage/2.2.1/smallrye-context-propagation-storage-2.2.1.jar:/home/samuel/.m2/repository/io/smallrye/reactive/mutiny-smallrye-context-propagation/2.8.0/mutiny-smallrye-context-propagation-2.8.0.jar:/home/samuel/.m2/repository/io/quarkus/quarkus-vertx/3.21.3/quarkus-vertx-3.21.3.jar:/home/samuel/.m2/repository/io/quarkus/quarkus-netty/3.21.3/quarkus-netty-3.21.3.jar:/home/samuel/.m2/repository/io/netty/netty-codec/4.1.119.Final/netty-codec-4.1.119.Final.jar:/home/samuel/.m2/repository/io/netty/netty-codec-haproxy/4.1.119.Final/netty-codec-haproxy-4.1.119.Final.jar:/home/samuel/.m2/repository/io/quarkus/quarkus-vertx-latebound-mdc-provider/3.21.3/quarkus-vertx-latebound-mdc-provider-3.21.3.jar:/home/samuel/.m2/repository/io/smallrye/smallrye-fault-tolerance-vertx/6.9.0/smallrye-fault-tolerance-vertx-6.9.0.jar:/home/samuel/.m2/repository/io/quarkus/resteasy/reactive/resteasy-reactive-vertx/3.21.3/resteasy-reactive-vertx-3.21.3.jar:/home/samuel/.m2/repository/io/vertx/vertx-web/4.5.14/vertx-web-4.5.14.jar:/home/samuel/.m2/repository/io/vertx/vertx-web-common/4.5.14/vertx-web-common-4.5.14.jar:/home/samuel/.m2/repository/io/vertx/vertx-auth-common/4.5.14/vertx-auth-common-4.5.14.jar:/home/samuel/.m2/repository/io/vertx/vertx-bridge-common/4.5.14/vertx-bridge-common-4.5.14.jar:/home/samuel/.m2/repository/io/smallrye/reactive/smallrye-mutiny-vertx-core/3.18.1/smallrye-mutiny-vertx-core-3.18.1.jar:/home/samuel/.m2/repository/io/smallrye/reactive/smallrye-mutiny-vertx-runtime/3.18.1/smallrye-mutiny-vertx-runtime-3.18.1.jar:/home/samuel/.m2/repository/io/smallrye/reactive/vertx-mutiny-generator/3.18.1/vertx-mutiny-generator-3.18.1.jar:/home/samuel/.m2/repository/io/vertx/vertx-codegen/4.5.14/vertx-codegen-4.5.14.jar:/home/samuel/.m2/repository/io/quarkus/resteasy/reactive/resteasy-reactive/3.21.3/resteasy-reactive-3.21.3.jar:/home/samuel/.m2/repository/io/quarkus/vertx/utils/quarkus-vertx-utils/3.21.3/quarkus-vertx-utils-3.21.3.jar:/home/samuel/.m2/repository/jakarta/ws/rs/jakarta.ws.rs-api/3.1.0/jakarta.ws.rs-api-3.1.0.jar:/home/samuel/.m2/repository/org/jboss/logging/commons-logging-jboss-logging/1.0.0.Final/commons-logging-jboss-logging-1.0.0.Final.jar:/home/samuel/.m2/repository/jakarta/xml/bind/jakarta.xml.bind-api/4.0.2/jakarta.xml.bind-api-4.0.2.jar:/home/samuel/.m2/repository/jakarta/activation/jakarta.activation-api/2.1.3/jakarta.activation-api-2.1.3.jar:/home/samuel/.m2/repository/io/quarkus/quarkus-vertx-http/3.21.3/quarkus-vertx-http-3.21.3.jar:/home/samuel/.m2/repository/io/quarkus/quarkus-security-runtime-spi/3.21.3/quarkus-security-runtime-spi-3.21.3.jar:/home/samuel/.m2/repository/io/quarkus/quarkus-tls-registry/3.21.3/quarkus-tls-registry-3.21.3.jar:/home/samuel/.m2/repository/io/quarkus/quarkus-tls-registry-spi/3.21.3/quarkus-tls-registry-spi-3.21.3.jar:/home/samuel/.m2/repository/io/smallrye/certs/smallrye-private-key-pem-parser/0.9.2/smallrye-private-key-pem-parser-0.9.2.jar:/home/samuel/.m2/repository/io/quarkus/quarkus-credentials/3.21.3/quarkus-credentials-3.21.3.jar:/home/samuel/.m2/repository/io/smallrye/common/smallrye-common-vertx-context/2.12.0/smallrye-common-vertx-context-2.12.0.jar:/home/samuel/.m2/repository/io/quarkus/security/quarkus-security/2.2.1/quarkus-security-2.2.1.jar:/home/samuel/.m2/repository/io/smallrye/reactive/smallrye-mutiny-vertx-web/3.18.1/smallrye-mutiny-vertx-web-3.18.1.jar:/home/samuel/.m2/repository/io/smallrye/reactive/smallrye-mutiny-vertx-web-common/3.18.1/smallrye-mutiny-vertx-web-common-3.18.1.jar:/home/samuel/.m2/repository/io/smallrye/reactive/smallrye-mutiny-vertx-auth-common/3.18.1/smallrye-mutiny-vertx-auth-common-3.18.1.jar:/home/samuel/.m2/repository/io/smallrye/reactive/smallrye-mutiny-vertx-bridge-common/3.18.1/smallrye-mutiny-vertx-bridge-common-3.18.1.jar:/home/samuel/.m2/repository/io/smallrye/reactive/smallrye-mutiny-vertx-uri-template/3.18.1/smallrye-mutiny-vertx-uri-template-3.18.1.jar:/home/samuel/.m2/repository/io/vertx/vertx-uri-template/4.5.14/vertx-uri-template-4.5.14.jar:/home/samuel/.m2/repository/io/github/crac/org-crac/0.1.3/org-crac-0.1.3.jar:/home/samuel/.m2/repository/com/aayushatharva/brotli4j/brotli4j/1.16.0/brotli4j-1.16.0.jar:/home/samuel/.m2/repository/com/aayushatharva/brotli4j/service/1.16.0/service-1.16.0.jar:/home/samuel/.m2/repository/com/aayushatharva/brotli4j/native-linux-x86_64/1.16.0/native-linux-x86_64-1.16.0.jar:/home/samuel/.m2/repository/io/quarkus/quarkus-jsonp/3.21.3/quarkus-jsonp-3.21.3.jar:/home/samuel/.m2/repository/org/eclipse/parsson/parsson/1.1.7/parsson-1.1.7.jar:/home/samuel/.m2/repository/io/quarkus/quarkus-virtual-threads/3.21.3/quarkus-virtual-threads-3.21.3.jar:/home/samuel/.m2/repository/io/vertx/vertx-core/4.5.14/vertx-core-4.5.14.jar:/home/samuel/.m2/repository/io/netty/netty-common/4.1.119.Final/netty-common-4.1.119.Final.jar:/home/samuel/.m2/repository/io/netty/netty-buffer/4.1.119.Final/netty-buffer-4.1.119.Final.jar:/home/samuel/.m2/repository/io/netty/netty-transport/4.1.119.Final/netty-transport-4.1.119.Final.jar:/home/samuel/.m2/repository/io/netty/netty-handler/4.1.119.Final/netty-handler-4.1.119.Final.jar:/home/samuel/.m2/repository/io/netty/netty-transport-native-unix-common/4.1.119.Final/netty-transport-native-unix-common-4.1.119.Final.jar:/home/samuel/.m2/repository/io/netty/netty-handler-proxy/4.1.119.Final/netty-handler-proxy-4.1.119.Final.jar:/home/samuel/.m2/repository/io/netty/netty-codec-socks/4.1.119.Final/netty-codec-socks-4.1.119.Final.jar:/home/samuel/.m2/repository/io/netty/netty-codec-http/4.1.119.Final/netty-codec-http-4.1.119.Final.jar:/home/samuel/.m2/repository/io/netty/netty-codec-http2/4.1.119.Final/netty-codec-http2-4.1.119.Final.jar:/home/samuel/.m2/repository/io/netty/netty-resolver/4.1.119.Final/netty-resolver-4.1.119.Final.jar:/home/samuel/.m2/repository/io/netty/netty-resolver-dns/4.1.119.Final/netty-resolver-dns-4.1.119.Final.jar:/home/samuel/.m2/repository/io/netty/netty-codec-dns/4.1.119.Final/netty-codec-dns-4.1.119.Final.jar:/home/samuel/.m2/repository/io/quarkus/quarkus-swagger-ui/3.21.3/quarkus-swagger-ui-3.21.3.jar:/home/samuel/.m2/repository/io/quarkus/quarkus-smallrye-openapi/3.21.3/quarkus-smallrye-openapi-3.21.3.jar:/home/samuel/.m2/repository/io/smallrye/smallrye-open-api-core/4.0.8/smallrye-open-api-core-4.0.8.jar:/home/samuel/.m2/repository/org/eclipse/microprofile/openapi/microprofile-openapi-api/4.0.2/microprofile-openapi-api-4.0.2.jar:/home/samuel/.m2/repository/org/eclipse/microprofile/config/microprofile-config-api/3.1/microprofile-config-api-3.1.jar:/home/samuel/.m2/repository/io/smallrye/smallrye-open-api-model/4.0.8/smallrye-open-api-model-4.0.8.jar:/home/samuel/.m2/repository/com/fasterxml/jackson/core/jackson-core/2.18.2/jackson-core-2.18.2.jar:/home/samuel/.m2/repository/com/fasterxml/jackson/core/jackson-databind/2.18.2/jackson-databind-2.18.2.jar:/home/samuel/.m2/repository/com/fasterxml/jackson/core/jackson-annotations/2.18.2/jackson-annotations-2.18.2.jar:/home/samuel/.m2/repository/com/fasterxml/jackson/dataformat/jackson-dataformat-yaml/2.18.2/jackson-dataformat-yaml-2.18.2.jar:/home/samuel/.m2/repository/org/yaml/snakeyaml/2.4/snakeyaml-2.4.jar:/home/samuel/.m2/repository/io/smallrye/jandex/3.3.0/jandex-3.3.0.jar:/home/samuel/.m2/repository/io/smallrye/common/smallrye-common-classloader/2.12.0/smallrye-common-classloader-2.12.0.jar:/home/samuel/.m2/repository/io/quarkus/quarkus-junit5/3.21.3/quarkus-junit5-3.21.3.jar:/home/samuel/.m2/repository/io/quarkus/quarkus-bootstrap-core/3.21.3/quarkus-bootstrap-core-3.21.3.jar:/home/samuel/.m2/repository/io/quarkus/quarkus-classloader-commons/3.21.3/quarkus-classloader-commons-3.21.3.jar:/home/samuel/.m2/repository/io/quarkus/quarkus-bootstrap-app-model/3.21.3/quarkus-bootstrap-app-model-3.21.3.jar:/home/samuel/.m2/repository/io/smallrye/common/smallrye-common-io/2.12.0/smallrye-common-io-2.12.0.jar:/home/samuel/.m2/repository/org/eclipse/sisu/org.eclipse.sisu.inject/0.9.0.M3/org.eclipse.sisu.inject-0.9.0.M3.jar:/home/samuel/.m2/repository/io/quarkus/quarkus-test-common/3.21.3/quarkus-test-common-3.21.3.jar:/home/samuel/.m2/repository/io/quarkus/quarkus-core-deployment/3.21.3/quarkus-core-deployment-3.21.3.jar:/home/samuel/.m2/repository/org/aesh/readline/2.6/readline-2.6.jar:/home/samuel/.m2/repository/org/fusesource/jansi/jansi/2.4.0/jansi-2.4.0.jar:/home/samuel/.m2/repository/org/aesh/aesh/2.8.2/aesh-2.8.2.jar:/home/samuel/.m2/repository/io/quarkus/gizmo/gizmo/1.9.0/gizmo-1.9.0.jar:/home/samuel/.m2/repository/org/ow2/asm/asm-util/9.7.1/asm-util-9.7.1.jar:/home/samuel/.m2/repository/org/ow2/asm/asm-analysis/9.7.1/asm-analysis-9.7.1.jar:/home/samuel/.m2/repository/org/ow2/asm/asm/9.7.1/asm-9.7.1.jar:/home/samuel/.m2/repository/org/ow2/asm/asm-commons/9.7.1/asm-commons-9.7.1.jar:/home/samuel/.m2/repository/org/ow2/asm/asm-tree/9.7.1/asm-tree-9.7.1.jar:/home/samuel/.m2/repository/io/quarkus/quarkus-hibernate-validator-spi/3.21.3/quarkus-hibernate-validator-spi-3.21.3.jar:/home/samuel/.m2/repository/io/quarkus/quarkus-class-change-agent/3.21.3/quarkus-class-change-agent-3.21.3.jar:/home/samuel/.m2/repository/io/quarkus/quarkus-devtools-utilities/3.21.3/quarkus-devtools-utilities-3.21.3.jar:/home/samuel/.m2/repository/io/quarkus/quarkus-builder/3.21.3/quarkus-builder-3.21.3.jar:/home/samuel/.m2/repository/org/graalvm/sdk/nativeimage/23.1.2/nativeimage-23.1.2.jar:/home/samuel/.m2/repository/org/graalvm/sdk/word/23.1.2/word-23.1.2.jar:/home/samuel/.m2/repository/org/junit/platform/junit-platform-launcher/1.12.2/junit-platform-launcher-1.12.2.jar:/home/samuel/.m2/repository/io/quarkus/quarkus-bootstrap-maven-resolver/3.21.3/quarkus-bootstrap-maven-resolver-3.21.3.jar:/home/samuel/.m2/repository/io/smallrye/beanbag/smallrye-beanbag-maven/1.5.2/smallrye-beanbag-maven-1.5.2.jar:/home/samuel/.m2/repository/io/smallrye/beanbag/smallrye-beanbag-sisu/1.5.2/smallrye-beanbag-sisu-1.5.2.jar:/home/samuel/.m2/repository/io/smallrye/beanbag/smallrye-beanbag/1.5.2/smallrye-beanbag-1.5.2.jar:/home/samuel/.m2/repository/javax/inject/javax.inject/1/javax.inject-1.jar:/home/samuel/.m2/repository/org/apache/maven/maven-artifact/3.9.9/maven-artifact-3.9.9.jar:/home/samuel/.m2/repository/org/apache/maven/maven-builder-support/3.9.9/maven-builder-support-3.9.9.jar:/home/samuel/.m2/repository/org/apache/maven/maven-model/3.9.9/maven-model-3.9.9.jar:/home/samuel/.m2/repository/org/apache/maven/maven-model-builder/3.9.9/maven-model-builder-3.9.9.jar:/home/samuel/.m2/repository/org/apache/maven/maven-repository-metadata/3.9.9/maven-repository-metadata-3.9.9.jar:/home/samuel/.m2/repository/org/apache/maven/maven-settings/3.9.9/maven-settings-3.9.9.jar:/home/samuel/.m2/repository/org/apache/maven/resolver/maven-resolver-api/1.9.22/maven-resolver-api-1.9.22.jar:/home/samuel/.m2/repository/org/apache/maven/resolver/maven-resolver-impl/1.9.22/maven-resolver-impl-1.9.22.jar:/home/samuel/.m2/repository/org/apache/maven/resolver/maven-resolver-named-locks/1.9.22/maven-resolver-named-locks-1.9.22.jar:/home/samuel/.m2/repository/org/apache/maven/resolver/maven-resolver-spi/1.9.22/maven-resolver-spi-1.9.22.jar:/home/samuel/.m2/repository/org/apache/maven/resolver/maven-resolver-util/1.9.22/maven-resolver-util-1.9.22.jar:/home/samuel/.m2/repository/org/apache/maven/resolver/maven-resolver-transport-http/1.9.20/maven-resolver-transport-http-1.9.20.jar:/home/samuel/.m2/repository/org/apache/maven/wagon/wagon-provider-api/3.5.3/wagon-provider-api-3.5.3.jar:/home/samuel/.m2/repository/org/apache/maven/wagon/wagon-http-shared/3.5.3/wagon-http-shared-3.5.3.jar:/home/samuel/.m2/repository/org/codehaus/plexus/plexus-interpolation/1.26/plexus-interpolation-1.26.jar:/home/samuel/.m2/repository/org/codehaus/plexus/plexus-utils/3.5.1/plexus-utils-3.5.1.jar:/home/samuel/.m2/repository/org/codehaus/plexus/plexus-xml/4.0.1/plexus-xml-4.0.1.jar:/home/samuel/.m2/repository/org/apache/maven/maven-xml-impl/4.0.0-alpha-5/maven-xml-impl-4.0.0-alpha-5.jar:/home/samuel/.m2/repository/org/apache/maven/maven-api-xml/4.0.0-alpha-5/maven-api-xml-4.0.0-alpha-5.jar:/home/samuel/.m2/repository/org/apache/maven/maven-api-meta/4.0.0-alpha-5/maven-api-meta-4.0.0-alpha-5.jar:/home/samuel/.m2/repository/org/codehaus/plexus/plexus-cipher/2.0/plexus-cipher-2.0.jar:/home/samuel/.m2/repository/org/codehaus/plexus/plexus-sec-dispatcher/2.0/plexus-sec-dispatcher-2.0.jar:/home/samuel/.m2/repository/org/apache/maven/maven-embedder/3.9.9/maven-embedder-3.9.9.jar:/home/samuel/.m2/repository/org/apache/maven/maven-core/3.9.9/maven-core-3.9.9.jar:/home/samuel/.m2/repository/org/codehaus/plexus/plexus-component-annotations/2.1.0/plexus-component-annotations-2.1.0.jar:/home/samuel/.m2/repository/org/apache/maven/maven-plugin-api/3.9.9/maven-plugin-api-3.9.9.jar:/home/samuel/.m2/repository/org/apache/maven/shared/maven-shared-utils/3.4.2/maven-shared-utils-3.4.2.jar:/home/samuel/.m2/repository/com/google/inject/guice/5.1.0/guice-5.1.0.jar:/home/samuel/.m2/repository/aopalliance/aopalliance/1.0/aopalliance-1.0.jar:/home/samuel/.m2/repository/com/google/guava/guava/33.4.8-jre/guava-33.4.8-jre.jar:/home/samuel/.m2/repository/com/google/guava/failureaccess/1.0.1/failureaccess-1.0.1.jar:/home/samuel/.m2/repository/javax/annotation/javax.annotation-api/1.3.2/javax.annotation-api-1.3.2.jar:/home/samuel/.m2/repository/org/codehaus/plexus/plexus-classworlds/2.6.0/plexus-classworlds-2.6.0.jar:/home/samuel/.m2/repository/commons-cli/commons-cli/1.8.0/commons-cli-1.8.0.jar:/home/samuel/.m2/repository/org/eclipse/sisu/org.eclipse.sisu.plexus/0.9.0.M3/org.eclipse.sisu.plexus-0.9.0.M3.jar:/home/samuel/.m2/repository/org/apache/maven/maven-settings-builder/3.9.9/maven-settings-builder-3.9.9.jar:/home/samuel/.m2/repository/org/apache/maven/maven-resolver-provider/3.9.9/maven-resolver-provider-3.9.9.jar:/home/samuel/.m2/repository/org/apache/maven/resolver/maven-resolver-connector-basic/1.9.22/maven-resolver-connector-basic-1.9.22.jar:/home/samuel/.m2/repository/org/apache/maven/resolver/maven-resolver-transport-wagon/1.9.22/maven-resolver-transport-wagon-1.9.22.jar:/home/samuel/.m2/repository/org/apache/maven/wagon/wagon-http/3.5.3/wagon-http-3.5.3.jar:/home/samuel/.m2/repository/org/apache/maven/wagon/wagon-file/3.5.3/wagon-file-3.5.3.jar:/home/samuel/.m2/repository/io/quarkus/quarkus-bootstrap-gradle-resolver/3.21.3/quarkus-bootstrap-gradle-resolver-3.21.3.jar:/home/samuel/.m2/repository/commons-io/commons-io/2.18.0/commons-io-2.18.0.jar:/home/samuel/.m2/repository/io/quarkus/quarkus-junit5-config/3.21.3/quarkus-junit5-config-3.21.3.jar:/home/samuel/.m2/repository/org/junit/jupiter/junit-jupiter-api/5.12.2/junit-jupiter-api-5.12.2.jar:/home/samuel/.m2/repository/org/opentest4j/opentest4j/1.3.0/opentest4j-1.3.0.jar:/home/samuel/.m2/repository/org/junit/platform/junit-platform-commons/1.12.2/junit-platform-commons-1.12.2.jar:/home/samuel/.m2/repository/org/apiguardian/apiguardian-api/1.1.2/apiguardian-api-1.1.2.jar:/home/samuel/.m2/repository/org/junit/jupiter/junit-jupiter/5.12.2/junit-jupiter-5.12.2.jar:/home/samuel/.m2/repository/org/junit/jupiter/junit-jupiter-params/5.12.2/junit-jupiter-params-5.12.2.jar:/home/samuel/.m2/repository/org/junit/jupiter/junit-jupiter-engine/5.12.2/junit-jupiter-engine-5.12.2.jar:/home/samuel/.m2/repository/org/junit/platform/junit-platform-engine/1.12.2/junit-platform-engine-1.12.2.jar:/home/samuel/.m2/repository/org/jboss/marshalling/jboss-marshalling/2.2.3.Final/jboss-marshalling-2.2.3.Final.jar:/home/samuel/.m2/repository/io/rest-assured/rest-assured/5.5.1/rest-assured-5.5.1.jar:/home/samuel/.m2/repository/org/apache/groovy/groovy/4.0.22/groovy-4.0.22.jar:/home/samuel/.m2/repository/org/apache/groovy/groovy-xml/4.0.22/groovy-xml-4.0.22.jar:/home/samuel/.m2/repository/org/apache/httpcomponents/httpclient/4.5.14/httpclient-4.5.14.jar:/home/samuel/.m2/repository/org/apache/httpcomponents/httpcore/4.4.16/httpcore-4.4.16.jar:/home/samuel/.m2/repository/commons-codec/commons-codec/1.18.0/commons-codec-1.18.0.jar:/home/samuel/.m2/repository/org/apache/httpcomponents/httpmime/4.5.14/httpmime-4.5.14.jar:/home/samuel/.m2/repository/org/hamcrest/hamcrest/2.2/hamcrest-2.2.jar:/home/samuel/.m2/repository/org/ccil/cowan/tagsoup/tagsoup/1.2.1/tagsoup-1.2.1.jar:/home/samuel/.m2/repository/io/rest-assured/json-path/5.5.1/json-path-5.5.1.jar:/home/samuel/.m2/repository/org/apache/groovy/groovy-json/4.0.22/groovy-json-4.0.22.jar:/home/samuel/.m2/repository/io/rest-assured/rest-assured-common/5.5.1/rest-assured-common-5.5.1.jar:/home/samuel/.m2/repository/io/rest-assured/xml-path/5.5.1/xml-path-5.5.1.jar:/home/samuel/.m2/repository/org/apache/commons/commons-lang3/3.17.0/commons-lang3-3.17.0.jar:/home/samuel/.m2/repository/io/quarkus/quarkus-hibernate-orm-panache/3.21.3/quarkus-hibernate-orm-panache-3.21.3.jar:/home/samuel/.m2/repository/io/quarkus/quarkus-hibernate-orm/3.21.3/quarkus-hibernate-orm-3.21.3.jar:/home/samuel/.m2/repository/io/quarkus/quarkus-narayana-jta/3.21.3/quarkus-narayana-jta-3.21.3.jar:/home/samuel/.m2/repository/io/quarkus/quarkus-transaction-annotations/3.21.3/quarkus-transaction-annotations-3.21.3.jar:/home/samuel/.m2/repository/io/quarkus/quarkus-datasource-common/3.21.3/quarkus-datasource-common-3.21.3.jar:/home/samuel/.m2/repository/io/smallrye/smallrye-context-propagation-jta/2.2.1/smallrye-context-propagation-jta-2.2.1.jar:/home/samuel/.m2/repository/io/smallrye/reactive/smallrye-reactive-converter-api/3.0.3/smallrye-reactive-converter-api-3.0.3.jar:/home/samuel/.m2/repository/io/smallrye/reactive/smallrye-reactive-converter-mutiny/3.0.3/smallrye-reactive-converter-mutiny-3.0.3.jar:/home/samuel/.m2/repository/org/jboss/narayana/jta/narayana-jta/7.2.1.Final/narayana-jta-7.2.1.Final.jar:/home/samuel/.m2/repository/jakarta/resource/jakarta.resource-api/2.1.0/jakarta.resource-api-2.1.0.jar:/home/samuel/.m2/repository/org/jboss/invocation/jboss-invocation/2.0.0.Final/jboss-invocation-2.0.0.Final.jar:/home/samuel/.m2/repository/org/eclipse/microprofile/reactive-streams-operators/microprofile-reactive-streams-operators-api/3.0.1/microprofile-reactive-streams-operators-api-3.0.1.jar:/home/samuel/.m2/repository/org/jboss/narayana/jts/narayana-jts-integration/7.2.1.Final/narayana-jts-integration-7.2.1.Final.jar:/home/samuel/.m2/repository/org/hibernate/orm/hibernate-core/6.6.13.Final/hibernate-core-6.6.13.Final.jar:/home/samuel/.m2/repository/com/fasterxml/classmate/1.7.0/classmate-1.7.0.jar:/home/samuel/.m2/repository/org/antlr/antlr4-runtime/4.13.0/antlr4-runtime-4.13.0.jar:/home/samuel/.m2/repository/net/bytebuddy/byte-buddy/1.15.11/byte-buddy-1.15.11.jar:/home/samuel/.m2/repository/org/hibernate/common/hibernate-commons-annotations/7.0.3.Final/hibernate-commons-annotations-7.0.3.Final.jar:/home/samuel/.m2/repository/org/hibernate/orm/hibernate-graalvm/6.6.13.Final/hibernate-graalvm-6.6.13.Final.jar:/home/samuel/.m2/repository/org/glassfish/jaxb/jaxb-runtime/4.0.5/jaxb-runtime-4.0.5.jar:/home/samuel/.m2/repository/org/glassfish/jaxb/jaxb-core/4.0.5/jaxb-core-4.0.5.jar:/home/samuel/.m2/repository/org/eclipse/angus/angus-activation/2.0.2/angus-activation-2.0.2.jar:/home/samuel/.m2/repository/org/glassfish/jaxb/txw2/4.0.5/txw2-4.0.5.jar:/home/samuel/.m2/repository/com/sun/istack/istack-commons-runtime/4.1.2/istack-commons-runtime-4.1.2.jar:/home/samuel/.m2/repository/jakarta/persistence/jakarta.persistence-api/3.1.0/jakarta.persistence-api-3.1.0.jar:/home/samuel/.m2/repository/org/hibernate/quarkus-local-cache/0.3.1/quarkus-local-cache-0.3.1.jar:/home/samuel/.m2/repository/io/quarkus/quarkus-caffeine/3.21.3/quarkus-caffeine-3.21.3.jar:/home/samuel/.m2/repository/com/github/ben-manes/caffeine/caffeine/3.2.0/caffeine-3.2.0.jar:/home/samuel/.m2/repository/org/jspecify/jspecify/1.0.0/jspecify-1.0.0.jar:/home/samuel/.m2/repository/com/google/errorprone/error_prone_annotations/2.36.0/error_prone_annotations-2.36.0.jar:/home/samuel/.m2/repository/io/quarkus/quarkus-hibernate-orm-panache-common/3.21.3/quarkus-hibernate-orm-panache-common-3.21.3.jar:/home/samuel/.m2/repository/io/quarkus/quarkus-panache-hibernate-common/3.21.3/quarkus-panache-hibernate-common-3.21.3.jar:/home/samuel/.m2/repository/io/quarkus/quarkus-panache-common/3.21.3/quarkus-panache-common-3.21.3.jar:/home/samuel/.m2/repository/io/quarkus/quarkus-rest-client-jackson/3.21.3/quarkus-rest-client-jackson-3.21.3.jar:/home/samuel/.m2/repository/io/quarkus/resteasy/reactive/resteasy-reactive-jackson/3.21.3/resteasy-reactive-jackson-3.21.3.jar:/home/samuel/.m2/repository/io/quarkus/quarkus-rest-jackson-common/3.21.3/quarkus-rest-jackson-common-3.21.3.jar:/home/samuel/.m2/repository/io/quarkus/quarkus-jackson/3.21.3/quarkus-jackson-3.21.3.jar:/home/samuel/.m2/repository/com/fasterxml/jackson/datatype/jackson-datatype-jsr310/2.18.2/jackson-datatype-jsr310-2.18.2.jar:/home/samuel/.m2/repository/com/fasterxml/jackson/datatype/jackson-datatype-jdk8/2.18.2/jackson-datatype-jdk8-2.18.2.jar:/home/samuel/.m2/repository/com/fasterxml/jackson/module/jackson-module-parameter-names/2.18.2/jackson-module-parameter-names-2.18.2.jar:/home/samuel/.m2/repository/io/quarkus/quarkus-rest-client/3.21.3/quarkus-rest-client-3.21.3.jar:/home/samuel/.m2/repository/io/quarkus/quarkus-rest-client-jaxrs/3.21.3/quarkus-rest-client-jaxrs-3.21.3.jar:/home/samuel/.m2/repository/io/quarkus/resteasy/reactive/resteasy-reactive-client/3.21.3/resteasy-reactive-client-3.21.3.jar:/home/samuel/.m2/repository/io/vertx/vertx-web-client/4.5.14/vertx-web-client-4.5.14.jar:/home/samuel/.m2/repository/io/quarkus/quarkus-smallrye-stork/3.21.3/quarkus-smallrye-stork-3.21.3.jar:/home/samuel/.m2/repository/io/quarkus/quarkus-rest-client-config/3.21.3/quarkus-rest-client-config-3.21.3.jar:/home/samuel/.m2/repository/io/smallrye/stork/stork-api/2.7.3/stork-api-2.7.3.jar:/home/samuel/.m2/repository/io/smallrye/stork/stork-core/2.7.3/stork-core-2.7.3.jar:/home/samuel/.m2/repository/org/eclipse/microprofile/rest/client/microprofile-rest-client-api/4.0/microprofile-rest-client-api-4.0.jar:/home/samuel/.m2/repository/io/quarkus/quarkus-rest-jackson/3.21.3/quarkus-rest-jackson-3.21.3.jar:/home/samuel/.m2/repository/io/quarkus/quarkus-jdbc-mysql/3.21.3/quarkus-jdbc-mysql-3.21.3.jar:/home/samuel/.m2/repository/io/quarkus/quarkus-agroal/3.21.3/quarkus-agroal-3.21.3.jar:/home/samuel/.m2/repository/io/quarkus/quarkus-datasource/3.21.3/quarkus-datasource-3.21.3.jar:/home/samuel/.m2/repository/io/agroal/agroal-api/2.6/agroal-api-2.6.jar:/home/samuel/.m2/repository/io/agroal/agroal-narayana/2.6/agroal-narayana-2.6.jar:/home/samuel/.m2/repository/org/jboss/jboss-transaction-spi/8.0.0.Final/jboss-transaction-spi-8.0.0.Final.jar:/home/samuel/.m2/repository/io/agroal/agroal-pool/2.6/agroal-pool-2.6.jar:/home/samuel/.m2/repository/com/mysql/mysql-connector-j/8.3.0/mysql-connector-j-8.3.0.jar:/home/samuel/.m2/repository/org/projectlombok/lombok/1.18.38/lombok-1.18.38.jar:/home/samuel/.m2/repository/io/quarkus/quarkus-jdbc-h2/3.21.3/quarkus-jdbc-h2-3.21.3.jar:/home/samuel/.m2/repository/com/h2database/h2/2.3.230/h2-2.3.230.jar:/home/samuel/.m2/repository/org/locationtech/jts/jts-core/1.19.0/jts-core-1.19.0.jar:/home/samuel/.m2/repository/io/quarkus/quarkus-smallrye-jwt/3.21.3/quarkus-smallrye-jwt-3.21.3.jar:/home/samuel/.m2/repository/io/smallrye/smallrye-jwt/4.6.1/smallrye-jwt-4.6.1.jar:/home/samuel/.m2/repository/org/eclipse/microprofile/jwt/microprofile-jwt-auth-api/2.1/microprofile-jwt-auth-api-2.1.jar:/home/samuel/.m2/repository/org/bitbucket/b_c/jose4j/0.9.6/jose4j-0.9.6.jar:/home/samuel/.m2/repository/io/smallrye/smallrye-jwt-common/4.6.1/smallrye-jwt-common-4.6.1.jar:/home/samuel/.m2/repository/jakarta/annotation/jakarta.annotation-api/3.0.0/jakarta.annotation-api-3.0.0.jar:/home/samuel/.m2/repository/io/quarkus/quarkus-security/3.21.3/quarkus-security-3.21.3.jar:/home/samuel/.m2/repository/jakarta/interceptor/jakarta.interceptor-api/2.2.0/jakarta.interceptor-api-2.2.0.jar:/home/samuel/.m2/repository/io/quarkus/quarkus-smallrye-jwt-build/3.21.3/quarkus-smallrye-jwt-build-3.21.3.jar:/home/samuel/.m2/repository/io/smallrye/smallrye-jwt-build/4.6.1/smallrye-jwt-build-4.6.1.jar:"/>
    <property name="sun.cpu.endian" value="little"/>
    <property name="vertx.disableWebsockets" value="true"/>
    <property name="user.home" value="/home/samuel"/>
    <property name="user.language" value="pt"/>
    <property name="jboss.log-version" value="false"/>
    <property name="java.specification.vendor" value="Oracle Corporation"/>
    <property name="io.netty.allocator.maxOrder" value="3"/>
    <property name="java.version.date" value="2023-10-17"/>
    <property name="java.home" value="/usr/lib/jvm/jdk-21-oracle-x64"/>
    <property name="file.separator" value="/"/>
    <property name="basedir" value="/home/samuel/UNB/TPPE/refactor/backend"/>
    <property name="java.vm.compressedOopsMode" value="Zero based"/>
    <property name="line.separator" value="&#10;"/>
    <property name="java.vm.specification.vendor" value="Oracle Corporation"/>
    <property name="java.specification.name" value="Java Platform API Specification"/>
    <property name="io.netty.allocator.disableCacheFinalizersForFastThreadLocalThreads" value="true"/>
    <property name="surefire.real.class.path" value="/home/samuel/UNB/TPPE/refactor/backend/target/surefire/surefirebooter-20250718223848956_3.jar"/>
    <property name="sun.management.compiler" value="HotSpot 64-Bit Tiered Compilers"/>
    <property name="java.runtime.version" value="21.0.1+12-LTS-29"/>
    <property name="user.name" value="samuel"/>
    <property name="com.mysql.cj.disableAbandonedConnectionCleanup" value="true"/>
    <property name="stdout.encoding" value="UTF-8"/>
    <property name="path.separator" value=":"/>
    <property name="os.version" value="6.8.0-63-generic"/>
    <property name="java.runtime.name" value="Java(TM) SE Runtime Environment"/>
    <property name="file.encoding" value="UTF-8"/>
    <property name="java.vm.name" value="Java HotSpot(TM) 64-Bit Server VM"/>
    <property name="localRepository" value="/home/samuel/.m2/repository"/>
    <property name="java.vendor.url.bug" value="https://bugreport.java.com/bugreport/"/>
    <property name="java.io.tmpdir" value="/tmp"/>
    <property name="quarkus.log.file.path" value="target/quarkus.log"/>
    <property name="java.version" value="21.0.1"/>
    <property name="java.util.concurrent.ForkJoinPool.common.threadFactory" value="io.quarkus.bootstrap.forkjoin.QuarkusForkJoinWorkerThreadFactory"/>
    <property name="user.dir" value="/home/samuel/UNB/TPPE/refactor/backend"/>
    <property name="os.arch" value="amd64"/>
    <property name="java.vm.specification.name" value="Java Virtual Machine Specification"/>
    <property name="vertx.disableDnsResolver" value="true"/>
    <property name="native.encoding" value="UTF-8"/>
    <property name="java.util.logging.manager" value="org.jboss.logmanager.LogManager"/>
    <property name="java.library.path" value="/home/samuel/mpich-install/lib::/usr/java/packages/lib:/usr/lib64:/lib64:/lib:/usr/lib"/>
    <property name="jdk.console" value="java.base"/>
    <property name="java.vm.info" value="mixed mode, sharing"/>
    <property name="stderr.encoding" value="UTF-8"/>
    <property name="java.vendor" value="Oracle Corporation"/>
    <property name="vertx.disableTCCL" value="true"/>
    <property name="java.vm.version" value="21.0.1+12-LTS-29"/>
    <property name="vertx.logger-delegate-factory-class-name" value="io.quarkus.vertx.core.runtime.VertxLogDelegateFactory"/>
    <property name="sun.io.unicode.encoding" value="UnicodeLittle"/>
    <property name="io.netty.machineId" value="9a:80:0f:f5:4d:7b:4c:c3"/>
    <property name="java.class.version" value="65.0"/>
  </properties>
  <testcase name="listAll" classname="unb.tppe.api.SaleTest" time="0.049">
    <system-out><![CDATA[&amp#27;[35m[Hibernate]&amp#27;[0m 
    &amp#27;[34mselect&amp#27;[0m
        ss1_0.id,
        ss1_0.client_id,
        ss1_0.dateSale,
        ss1_0.price,
        ss1_0.seller_id 
    &amp#27;[34mfrom&amp#27;[0m
        SALE ss1_0
&amp#27;[35m[Hibernate]&amp#27;[0m 
    &amp#27;[34mselect&amp#27;[0m
        cs1_0.id,
        cs1_0.notifyPromotion,
        cs1_0.person_id,
        ps1_0.id,
        ps1_0.birthdate,
        ps1_0.email,
        ps1_0.exclusionDate,
        ps1_0.name,
        ps1_0.password,
        ps1_0.role,
        cs1_0.registrationDate 
    &amp#27;[34mfrom&amp#27;[0m
        CLIENT cs1_0 
    &amp#27;[34mjoin&amp#27;[0m
        PERSON ps1_0 
            &amp#27;[34mon&amp#27;[0m ps1_0.id=cs1_0.person_id 
    &amp#27;[34mwhere&amp#27;[0m
        cs1_0.id &amp#27;[34min&amp#27;[0m (?, ?, ?, ?, ?, ?, ?, ?, ?, ?, ?, ?, ?, ?, ?, ?)
&amp#27;[35m[Hibernate]&amp#27;[0m 
    &amp#27;[34mselect&amp#27;[0m
        ss1_0.id,
        ss1_0.baseSalary,
        ss1_0.numberHours,
        ss1_0.person_id,
        ps1_0.id,
        ps1_0.birthdate,
        ps1_0.email,
        ps1_0.exclusionDate,
        ps1_0.name,
        ps1_0.password,
        ps1_0.role 
    &amp#27;[34mfrom&amp#27;[0m
        SELLER ss1_0 
    &amp#27;[34mjoin&amp#27;[0m
        PERSON ps1_0 
            &amp#27;[34mon&amp#27;[0m ps1_0.id=ss1_0.person_id 
    &amp#27;[34mwhere&amp#27;[0m
        ss1_0.id &amp#27;[34min&amp#27;[0m (?, ?, ?, ?, ?, ?, ?, ?, ?, ?, ?, ?, ?, ?, ?, ?)
&amp#27;[35m[Hibernate]&amp#27;[0m 
    &amp#27;[34mselect&amp#27;[0m
        p1_0.sale_id,
        p1_1.id,
        p1_1.department_id,
        p1_1.description,
        p1_1.exclusionDate,
        p1_1.name,
        p1_1.price 
    &amp#27;[34mfrom&amp#27;[0m
        SALE_PRODUCT p1_0 
    &amp#27;[34mjoin&amp#27;[0m
        PRODUCT p1_1 
            &amp#27;[34mon&amp#27;[0m p1_1.id=p1_0.product_id 
    &amp#27;[34mwhere&amp#27;[0m
        p1_0.sale_id &amp#27;[34min&amp#27;[0m (?, ?, ?, ?, ?, ?, ?, ?, ?, ?, ?, ?, ?, ?, ?, ?)
&amp#27;[35m[Hibernate]&amp#27;[0m 
    &amp#27;[34mselect&amp#27;[0m
        ds1_0.id,
        ds1_0.description,
        ds1_0.exclusionDate,
        ds1_0.name 
    &amp#27;[34mfrom&amp#27;[0m
        DEPARTMENT ds1_0 
    &amp#27;[34mwhere&amp#27;[0m
        ds1_0.id &amp#27;[34min&amp#27;[0m (?, ?, ?, ?, ?, ?, ?, ?, ?, ?, ?, ?, ?, ?, ?, ?)
]]></system-out>
  </testcase>
  <testcase name="testDeleteSale" classname="unb.tppe.api.SaleTest" time="0.046">
    <system-out><![CDATA[&amp#27;[35m[Hibernate]&amp#27;[0m 
    &amp#27;[34mselect&amp#27;[0m
        ss1_0.id,
        ss1_0.client_id,
        c1_0.id,
        c1_0.notifyPromotion,
        c1_0.person_id,
        ps1_0.id,
        ps1_0.birthdate,
        ps1_0.email,
        ps1_0.exclusionDate,
        ps1_0.name,
        ps1_0.password,
        ps1_0.role,
        c1_0.registrationDate,
        ss1_0.dateSale,
        ss1_0.price,
        ss1_0.seller_id,
        s1_0.id,
        s1_0.baseSalary,
        s1_0.numberHours,
        s1_0.person_id,
        ps2_0.id,
        ps2_0.birthdate,
        ps2_0.email,
        ps2_0.exclusionDate,
        ps2_0.name,
        ps2_0.password,
        ps2_0.role 
    &amp#27;[34mfrom&amp#27;[0m
        SALE ss1_0 
    &amp#27;[34mjoin&amp#27;[0m
        CLIENT c1_0 
            &amp#27;[34mon&amp#27;[0m c1_0.id=ss1_0.client_id 
    &amp#27;[34mjoin&amp#27;[0m
        PERSON ps1_0 
            &amp#27;[34mon&amp#27;[0m ps1_0.id=c1_0.person_id 
    &amp#27;[34mjoin&amp#27;[0m
        SELLER s1_0 
            &amp#27;[34mon&amp#27;[0m s1_0.id=ss1_0.seller_id 
    &amp#27;[34mjoin&amp#27;[0m
        PERSON ps2_0 
            &amp#27;[34mon&amp#27;[0m ps2_0.id=s1_0.person_id 
    &amp#27;[34mwhere&amp#27;[0m
        ss1_0.id=?
&amp#27;[35m[Hibernate]&amp#27;[0m 
    &amp#27;[34mdelete&amp#27;[0m 
    &amp#27;[34mfrom&amp#27;[0m
        SALE_PRODUCT 
    &amp#27;[34mwhere&amp#27;[0m
        sale_id=?
&amp#27;[35m[Hibernate]&amp#27;[0m 
    &amp#27;[34mdelete&amp#27;[0m 
    &amp#27;[34mfrom&amp#27;[0m
        SALE 
    &amp#27;[34mwhere&amp#27;[0m
        id=?
&amp#27;[35m[Hibernate]&amp#27;[0m 
    &amp#27;[34mselect&amp#27;[0m
        ss1_0.id,
        ss1_0.client_id,
        c1_0.id,
        c1_0.notifyPromotion,
        c1_0.person_id,
        ps1_0.id,
        ps1_0.birthdate,
        ps1_0.email,
        ps1_0.exclusionDate,
        ps1_0.name,
        ps1_0.password,
        ps1_0.role,
        c1_0.registrationDate,
        ss1_0.dateSale,
        ss1_0.price,
        ss1_0.seller_id,
        s1_0.id,
        s1_0.baseSalary,
        s1_0.numberHours,
        s1_0.person_id,
        ps2_0.id,
        ps2_0.birthdate,
        ps2_0.email,
        ps2_0.exclusionDate,
        ps2_0.name,
        ps2_0.password,
        ps2_0.role 
    &amp#27;[34mfrom&amp#27;[0m
        SALE ss1_0 
    &amp#27;[34mjoin&amp#27;[0m
        CLIENT c1_0 
            &amp#27;[34mon&amp#27;[0m c1_0.id=ss1_0.client_id 
    &amp#27;[34mjoin&amp#27;[0m
        PERSON ps1_0 
            &amp#27;[34mon&amp#27;[0m ps1_0.id=c1_0.person_id 
    &amp#27;[34mjoin&amp#27;[0m
        SELLER s1_0 
            &amp#27;[34mon&amp#27;[0m s1_0.id=ss1_0.seller_id 
    &amp#27;[34mjoin&amp#27;[0m
        PERSON ps2_0 
            &amp#27;[34mon&amp#27;[0m ps2_0.id=s1_0.person_id 
    &amp#27;[34mwhere&amp#27;[0m
        ss1_0.id=?
]]></system-out>
  </testcase>
  <testcase name="listById(Long)[1]" classname="unb.tppe.api.SaleTest" time="0.024">
    <system-out><![CDATA[&amp#27;[35m[Hibernate]&amp#27;[0m 
    &amp#27;[34mselect&amp#27;[0m
        ss1_0.id,
        ss1_0.client_id,
        c1_0.id,
        c1_0.notifyPromotion,
        c1_0.person_id,
        ps1_0.id,
        ps1_0.birthdate,
        ps1_0.email,
        ps1_0.exclusionDate,
        ps1_0.name,
        ps1_0.password,
        ps1_0.role,
        c1_0.registrationDate,
        ss1_0.dateSale,
        ss1_0.price,
        ss1_0.seller_id,
        s1_0.id,
        s1_0.baseSalary,
        s1_0.numberHours,
        s1_0.person_id,
        ps2_0.id,
        ps2_0.birthdate,
        ps2_0.email,
        ps2_0.exclusionDate,
        ps2_0.name,
        ps2_0.password,
        ps2_0.role 
    &amp#27;[34mfrom&amp#27;[0m
        SALE ss1_0 
    &amp#27;[34mjoin&amp#27;[0m
        CLIENT c1_0 
            &amp#27;[34mon&amp#27;[0m c1_0.id=ss1_0.client_id 
    &amp#27;[34mjoin&amp#27;[0m
        PERSON ps1_0 
            &amp#27;[34mon&amp#27;[0m ps1_0.id=c1_0.person_id 
    &amp#27;[34mjoin&amp#27;[0m
        SELLER s1_0 
            &amp#27;[34mon&amp#27;[0m s1_0.id=ss1_0.seller_id 
    &amp#27;[34mjoin&amp#27;[0m
        PERSON ps2_0 
            &amp#27;[34mon&amp#27;[0m ps2_0.id=s1_0.person_id 
    &amp#27;[34mwhere&amp#27;[0m
        ss1_0.id=?
&amp#27;[35m[Hibernate]&amp#27;[0m 
    &amp#27;[34mselect&amp#27;[0m
        p1_0.sale_id,
        p1_1.id,
        p1_1.department_id,
        p1_1.description,
        p1_1.exclusionDate,
        p1_1.name,
        p1_1.price 
    &amp#27;[34mfrom&amp#27;[0m
        SALE_PRODUCT p1_0 
    &amp#27;[34mjoin&amp#27;[0m
        PRODUCT p1_1 
            &amp#27;[34mon&amp#27;[0m p1_1.id=p1_0.product_id 
    &amp#27;[34mwhere&amp#27;[0m
        p1_0.sale_id=?
&amp#27;[35m[Hibernate]&amp#27;[0m 
    &amp#27;[34mselect&amp#27;[0m
        ds1_0.id,
        ds1_0.description,
        ds1_0.exclusionDate,
        ds1_0.name 
    &amp#27;[34mfrom&amp#27;[0m
        DEPARTMENT ds1_0 
    &amp#27;[34mwhere&amp#27;[0m
        ds1_0.id=?
]]></system-out>
  </testcase>
  <testcase name="listById(Long)[2]" classname="unb.tppe.api.SaleTest" time="0.022">
    <system-out><![CDATA[&amp#27;[35m[Hibernate]&amp#27;[0m 
    &amp#27;[34mselect&amp#27;[0m
        ss1_0.id,
        ss1_0.client_id,
        c1_0.id,
        c1_0.notifyPromotion,
        c1_0.person_id,
        ps1_0.id,
        ps1_0.birthdate,
        ps1_0.email,
        ps1_0.exclusionDate,
        ps1_0.name,
        ps1_0.password,
        ps1_0.role,
        c1_0.registrationDate,
        ss1_0.dateSale,
        ss1_0.price,
        ss1_0.seller_id,
        s1_0.id,
        s1_0.baseSalary,
        s1_0.numberHours,
        s1_0.person_id,
        ps2_0.id,
        ps2_0.birthdate,
        ps2_0.email,
        ps2_0.exclusionDate,
        ps2_0.name,
        ps2_0.password,
        ps2_0.role 
    &amp#27;[34mfrom&amp#27;[0m
        SALE ss1_0 
    &amp#27;[34mjoin&amp#27;[0m
        CLIENT c1_0 
            &amp#27;[34mon&amp#27;[0m c1_0.id=ss1_0.client_id 
    &amp#27;[34mjoin&amp#27;[0m
        PERSON ps1_0 
            &amp#27;[34mon&amp#27;[0m ps1_0.id=c1_0.person_id 
    &amp#27;[34mjoin&amp#27;[0m
        SELLER s1_0 
            &amp#27;[34mon&amp#27;[0m s1_0.id=ss1_0.seller_id 
    &amp#27;[34mjoin&amp#27;[0m
        PERSON ps2_0 
            &amp#27;[34mon&amp#27;[0m ps2_0.id=s1_0.person_id 
    &amp#27;[34mwhere&amp#27;[0m
        ss1_0.id=?
&amp#27;[35m[Hibernate]&amp#27;[0m 
    &amp#27;[34mselect&amp#27;[0m
        p1_0.sale_id,
        p1_1.id,
        p1_1.department_id,
        p1_1.description,
        p1_1.exclusionDate,
        p1_1.name,
        p1_1.price 
    &amp#27;[34mfrom&amp#27;[0m
        SALE_PRODUCT p1_0 
    &amp#27;[34mjoin&amp#27;[0m
        PRODUCT p1_1 
            &amp#27;[34mon&amp#27;[0m p1_1.id=p1_0.product_id 
    &amp#27;[34mwhere&amp#27;[0m
        p1_0.sale_id=?
&amp#27;[35m[Hibernate]&amp#27;[0m 
    &amp#27;[34mselect&amp#27;[0m
        ds1_0.id,
        ds1_0.description,
        ds1_0.exclusionDate,
        ds1_0.name 
    &amp#27;[34mfrom&amp#27;[0m
        DEPARTMENT ds1_0 
    &amp#27;[34mwhere&amp#27;[0m
        ds1_0.id=?
]]></system-out>
  </testcase>
</testsuite>